ScVcwli_1590|10319-10319	ScVcwli_1590	96.000	25	1	0	1	25	10307	10331	6.34e-08	41.7	V little support in DNAseq. No RNAseq. Ignoring
ScVcwli_1590|10631-10631	ScVcwli_1590	96.000	25	0	1	1	25	10619	10642	2.28e-07	39.9	Good support. Fixed
ScVcwli_1590|10681-10681	ScVcwli_1590	96.000	25	1	0	1	25	10669	10693	6.34e-08	41.7	Good support. Fixed
ScVcwli_1590|11250-11250	ScVcwli_1590	96.000	25	1	0	1	25	11238	11262	6.34e-08	41.7	Good support. Fixed
ScVcwli_1590|11474-11474	ScVcwli_1590	96.000	25	1	0	1	25	11462	11486	6.34e-08	41.7	Good support. Fixed
ScVcwli_1590|11519-11519	ScVcwli_1590	96.000	25	1	0	1	25	11507	11531	6.34e-08	41.7	No support in DNAseq. No RNAseq. Ignoring.
ScVcwli_1590|14103-14103	ScVcwli_1590	96.000	25	1	0	1	25	14091	14115	6.34e-08	41.7	V little support in DNAseq. Supported by some RNAseq. Ignoring
ScVcwli_1590|3205-3206	ScVcwli_1590	96.154	26	1	0	1	26	3193	3218	1.89e-08	43.6	V little support in DNAseq. Region is fine according to RNAseq. Ignoring
ScVcwli_1590|3221-3221	ScVcwli_1590	96.000	25	1	0	1	25	3209	3233	6.34e-08	41.7	No support in DNAseq or RNAseq. Ignoring.
ScVcwli_1590|3358-3361	ScVcwli_1590	85.714	28	0	2	1	24	3346	3373	0.002	27.0	No support in DNAseq or RNAseq. mcot cufflinksmodel. Ignoring.
ScVcwli_1590|3415-3415	ScVcwli_1590	96.000	25	0	1	1	25	3403	3426	2.28e-07	39.9	No support in DNAseq or RNAseq. MCOT cufflinks model. Ignoring.
ScVcwli_1590|3451-3451	ScVcwli_1590	92.308	26	0	1	1	26	3439	3462	3.16e-06	36.2	V little data. No support in DNAseq or RNAseq. MCOT cufflinks model. Ignoring.
ScVcwli_1590|3495-3495	ScVcwli_1590	96.000	25	1	0	1	25	3483	3507	6.34e-08	41.7	V little data. No support in RNAseq. MCOT cufflinks model. Ignoring.
ScVcwli_1590|7150-7150	ScVcwli_1590	96.000	25	1	0	1	25	7138	7162	6.34e-08	41.7	Good DNAseq support. Fixed
ScVcwli_1590|8664-8666	ScVcwli_1590	88.889	27	0	1	1	24	8652	8678	1.27e-04	30.7	No support in DNAseq or RNAseq. MCOT cufflinks model. Ignoring.
ScVcwli_1590|9965-9965	ScVcwli_1590	96.000	25	1	0	1	25	9953	9977	6.34e-08	41.7	Good DNAseq support. Fixed
ScVcwli_2982|350296-350296	ScVcwli_2982	96.000	25	0	1	1	25	350284	350307	4.15e-06	39.9	No support in DNAseq or RNAseq. MCOT cufflinks model. Ignoring.
ScVcwli_2982|351932-351932	ScVcwli_2982	96.000	25	0	1	1	24	351920	351944	3.78e-06	39.9	No Illumina coverage. MCOT cufflinks model. Ignoring.
ScVcwli_2982|351939-351939	ScVcwli_2982	96.000	25	0	1	1	24	351927	351951	3.78e-06	39.9	No support in low coverage DNAseq or RNAseq. MCOT cufflinks model. Ignoring.
ScVcwli_2982|353003-353003	ScVcwli_2982	96.000	25	0	1	1	25	352991	353014	4.15e-06	39.9	V little support in DNAseq and RNAseq. Ignoring
