# Fields: query acc.ver, subject acc.ver, % identity, alignment length, mismatches, gap opens, q. start, q. end, s. start, s. end, evalue, bit score
ScVcwli_3595|3956019-3956019	ScVcwli_3595	96.154	26	0	1	1	25	3955353	3955378	8.94e-06	41.7
ScVcwli_3595|3956022-3956022	ScVcwli_3595	96.154	26	0	1	1	25	3955356	3955381	8.94e-06	41.7
ScVcwli_629|30004-30004	ScVcwli_629	96.000	25	1	0	1	25	29994	30018	2.27e-06	41.7
ScVcwli_629|30070-30070	ScVcwli_629	96.000	25	1	0	1	25	30060	30084	2.27e-06	41.7
ScVcwli_629|30106-30106	ScVcwli_629	96.000	25	1	0	1	25	30096	30120	2.27e-06	41.7
ScVcwli_629|31460-31460	ScVcwli_629	96.000	25	1	0	1	25	31450	31474	2.27e-06	41.7
ScVcwli_629|34811-34811	ScVcwli_629	96.000	25	1	0	1	25	34801	34825	2.27e-06	41.7
ScVcwli_629|38135-38135	ScVcwli_629	96.000	25	1	0	1	25	38125	38149	2.27e-06	41.7
ScVcwli_629|38216-38216	ScVcwli_629	96.000	25	1	0	1	25	38206	38230	2.27e-06	41.7
ScVcwli_629|38231-38231	ScVcwli_629	96.000	25	1	0	1	25	38221	38245	2.27e-06	41.7
ScVcwli_629|38304-38304	ScVcwli_629	96.000	25	1	0	1	25	38294	38318	2.27e-06	41.7
ScVcwli_629|38324-38324	ScVcwli_629	96.000	25	1	0	1	25	38314	38338	2.27e-06	41.7
ScVcwli_629|38327-38327	ScVcwli_629	96.000	25	1	0	1	25	38317	38341	2.27e-06	41.7
ScVcwli_629|38330-38330	ScVcwli_629	96.000	25	1	0	1	25	38320	38344	2.27e-06	41.7
ScVcwli_629|38336-38336	ScVcwli_629	96.000	25	1	0	1	25	38326	38350	2.27e-06	41.7
ScVcwli_629|38679-38679	ScVcwli_629	96.000	25	0	1	1	25	38669	38692	8.16e-06	39.9
ScVcwli_629|38681-38681	ScVcwli_629	96.000	25	0	1	1	25	38671	38694	8.16e-06	39.9
ScVcwli_629|38685-38685	ScVcwli_629	91.667	24	2	0	1	24	38675	38698	3.42e-04	34.4
ScVcwli_629|38771-38771	ScVcwli_629	96.000	25	1	0	1	25	38760	38784	2.27e-06	41.7
ScVcwli_629|38773-38773	ScVcwli_629	96.000	25	1	0	1	25	38762	38786	2.27e-06	41.7
ScVcwli_629|47316-47316	ScVcwli_629	96.000	25	1	0	1	25	47302	47326	2.27e-06	41.7
ScVcwli_629|47319-47320	ScVcwli_629	96.154	26	1	0	1	26	691331	691306	6.94e-07	43.6
ScVcwli_629|47342-47343	ScVcwli_629	96.154	26	1	0	1	26	691308	691283	6.94e-07	43.6
ScVcwli_910|2581128-2581128	ScVcwli_910	96.000	25	0	1	1	24	2580111	2580135	2.42e-05	39.9
ScVcwli_910|2581147-2581147	ScVcwli_910	96.000	25	0	1	1	25	2580130	2580153	2.42e-05	39.9
