# Fields: query acc.ver, subject acc.ver, % identity, alignment length, mismatches, gap opens, q. start, q. end, s. start, s. end, evalue, bit score
#Fixed. Supported by DNAseq track. NOT retained in v2.00betaDna15Rna3
ScVcwli_1009|123972-123972	ScVcwli_1009	88.000	25	2	1	1	25	123907	123930	0.007	28.8
#Did not fix
ScVcwli_1009|176350-176350	ScVcwli_1009	92.308	26	0	1	1	26	176265	176288	4.26e-05	36.2
#Did not fix
ScVcwli_1009|176352-176352	ScVcwli_1009	92.308	26	0	1	1	26	176267	176290	4.26e-05	36.2
#Fixed. Lots of support. Still retained in v2.00betaDna15Rna3
ScVcwli_1367|216694-216695	ScVcwli_1367	92.308	26	0	2	1	24	216735	216760	5.89e-05	36.2
#Fixed. Good support. NOT retained in v2.00betaDna15Rna3
ScVcwli_153|330856-330856	ScVcwli_153	96.296	27	0	1	1	26	330865	330891	1.35e-06	43.6
#Fixed. Good support. NOT retained in v2.00betaDna15Rna3
ScVcwli_153|330863-330863	ScVcwli_153	92.593	27	0	2	1	25	330872	330898	5.63e-05	38.1
#Will not fix as no support
ScVcwli_153|331725-331725	ScVcwli_153	96.000	25	1	0	1	25	331741	331765	4.36e-06	41.7
ScVcwli_153|331729-331729	ScVcwli_153	96.000	25	1	0	1	25	331745	331769	4.36e-06	41.7
#Fixed. Good support. NOT retained in v2.00betaDna15Rna3
ScVcwli_153|331759-331759	ScVcwli_153	96.000	25	0	1	1	25	331775	331798	1.57e-05	39.9
#From Sherry. No DNAseq or RNAseq Illumina cov. Fixed. Still retained in v2.00betaDna15Rna3
ScVcwli_1580|135-135	ScVcwli_1580	96.000	25	0	1	1	25	124	147	5.38e-07	39.9
#No cov again. From Sherry. Fixed. Still retained in v2.00betaDna15Rna3
ScVcwli_1580|3647-3647	ScVcwli_1580	96.000	25	0	1	1	24	3661	3685	4.97e-07	39.9
#Same gene. V low cov but at the end of reads. Support from only 1 read. From Sherry. Fixed. Still retained in v2.00betaDna15Rna3
ScVcwli_1580|4015-4015	ScVcwli_1580	96.000	25	0	1	1	25	4029	4052	5.38e-07	39.9
#Same gene. V low cov but at the end of reads. From Sherry. Fixed. Still retained in v2.00betaDna15Rna3
ScVcwli_1580|4895-4895	ScVcwli_1580	96.000	25	0	1	1	24	4909	4933	4.97e-07	39.9
#Fixed. Good support. NOT retained in v2.00betaDna15Rna3
ScVcwli_1580|591-592	ScVcwli_1580	96.154	26	1	0	1	26	594	619	4.48e-08	43.6
#Good support. Fixed 3 below
ScVcwli_1580|7005-7005	ScVcwli_1580	96.000	25	1	0	1	25	7019	7043	1.50e-07	41.7
ScVcwli_1580|7007-7007	ScVcwli_1580	96.000	25	1	0	1	25	7021	7045	1.50e-07	41.7
ScVcwli_1580|7173-7173	ScVcwli_1580	96.000	25	1	0	1	25	7187	7211	1.50e-07	41.7
#Ignoring as no support
ScVcwli_1928|787357-787359	ScVcwli_1928	88.889	27	3	0	1	27	787297	787323	0.001	34.4
ScVcwli_1928|787361-787364	ScVcwli_1928	85.714	28	0	2	1	24	787301	787328	0.14	27.0
#Great support. Fixed.
ScVcwli_2521|334801-334801	ScVcwli_2521	96.000	25	1	0	1	25	334203	334227	2.09e-06	41.7
#Relacing N with G. Great support. Fixed
ScVcwli_2594|1257785-1257785	ScVcwli_2594	96.000	25	1	0	1	25	1257403	1257427	1.27e-06	43.6
#No support. Ignoring
ScVcwli_2594|1257954-1257954	ScVcwli_2594	96.000	25	0	1	1	24	1257572	1257596	1.46e-05	39.9
#No support. Ignoring
ScVcwli_3172|129934-129934	ScVcwli_3172	96.000	25	0	1	1	25	79177	79154	5.75e-06	39.9
ScVcwli_3172|133502-133502	ScVcwli_3172	96.000	25	1	0	1	25	133358	133382	1.60e-06	41.7
ScVcwli_3172|133508-133508	ScVcwli_3172	96.000	25	1	0	1	25	133364	133388	1.60e-06	41.7
