BLASTN 2.6.0+


Reference: Zheng Zhang, Scott Schwartz, Lukas Wagner, and Webb
Miller (2000), "A greedy algorithm for aligning DNA sequences", J
Comput Biol 2000; 7(1-2):203-14.



Database: User specified sequence set (Input: contig.fasta).
           1 sequences; 16,716 total letters



Query= ScVcwli_1590|11250-11250

Length=25
                                                                      Score     E
Sequences producing significant alignments:                          (Bits)  Value

  ScVcwli_1590                                                        41.7    6e-08


> ScVcwli_1590
Length=16716

 Score = 41.7 bits (22),  Expect = 6e-08
 Identities = 24/25 (96%), Gaps = 0/25 (0%)
 Strand=Plus/Plus

Query  1      TTCTCAGACTCTACAGAACTCTCTG  25
              |||||||||||| ||||||||||||
Sbjct  11238  TTCTCAGACTCTCCAGAACTCTCTG  11262



Lambda      K        H
    1.33    0.621     1.12 

Gapped
Lambda      K        H
    1.28    0.460    0.850 

Effective search space used: 233870


  Database: User specified sequence set (Input: contig.fasta).
    Posted date:  Unknown
  Number of letters in database: 16,716
  Number of sequences in database:  1



Matrix: blastn matrix 1 -2
Gap Penalties: Existence: 0, Extension: 2.5
