BLASTN 2.6.0+


Reference: Zheng Zhang, Scott Schwartz, Lukas Wagner, and Webb
Miller (2000), "A greedy algorithm for aligning DNA sequences", J
Comput Biol 2000; 7(1-2):203-14.



Database: User specified sequence set (Input: contig.fasta).
           1 sequences; 2,471,555 total letters



Query= ScVcwli_2161|1968629-1968629

Length=25
                                                                      Score     E
Sequences producing significant alignments:                          (Bits)  Value

  ScVcwli_2161                                                        47.3    1e-07


> ScVcwli_2161
Length=2471555

 Score = 47.3 bits (25),  Expect = 1e-07
 Identities = 25/25 (100%), Gaps = 0/25 (0%)
 Strand=Plus/Plus

Query  1        TCCAGGACTTCGGGCTCAATGTAGT  25
                |||||||||||||||||||||||||
Sbjct  1967906  TCCAGGACTTCGGGCTCAATGTAGT  1967930



Lambda      K        H
    1.33    0.621     1.12 

Gapped
Lambda      K        H
    1.28    0.460    0.850 

Effective search space used: 22243851


  Database: User specified sequence set (Input: contig.fasta).
    Posted date:  Unknown
  Number of letters in database: 2,471,555
  Number of sequences in database:  1



Matrix: blastn matrix 1 -2
Gap Penalties: Existence: 0, Extension: 2.5
