BLASTN 2.6.0+


Reference: Zheng Zhang, Scott Schwartz, Lukas Wagner, and Webb
Miller (2000), "A greedy algorithm for aligning DNA sequences", J
Comput Biol 2000; 7(1-2):203-14.



Database: User specified sequence set (Input: contig.fasta).
           1 sequences; 2,363,715 total letters



Query= ScVcwli_1928|787357-787359

Length=27
                                                                      Score     E
Sequences producing significant alignments:                          (Bits)  Value

  ScVcwli_1928                                                        34.4    0.001


> ScVcwli_1928
Length=2363715

 Score = 34.4 bits (18),  Expect = 0.001
 Identities = 24/27 (89%), Gaps = 0/27 (0%)
 Strand=Plus/Plus

Query  1       CGATGTGGTTGTTGAAAAATCTGTAAC  27
               ||||||||||||   ||||||||||||
Sbjct  787297  CGATGTGGTTGTAACAAAATCTGTAAC  787323



Lambda      K        H
    1.33    0.621     1.12 

Gapped
Lambda      K        H
    1.28    0.460    0.850 

Effective search space used: 26000689


  Database: User specified sequence set (Input: contig.fasta).
    Posted date:  Unknown
  Number of letters in database: 2,363,715
  Number of sequences in database:  1



Matrix: blastn matrix 1 -2
Gap Penalties: Existence: 0, Extension: 2.5
