BLASTN 2.6.0+


Reference: Zheng Zhang, Scott Schwartz, Lukas Wagner, and Webb
Miller (2000), "A greedy algorithm for aligning DNA sequences", J
Comput Biol 2000; 7(1-2):203-14.



Database: User specified sequence set (Input: contig.fasta).
           1 sequences; 1,873,087 total letters



Query= ScVcwli_2594|1840140-1840140

Length=24
                                                                      Score     E
Sequences producing significant alignments:                          (Bits)  Value

  ScVcwli_2594                                                        45.4    3e-07


> ScVcwli_2594
Length=1873087

 Score = 45.4 bits (24),  Expect = 3e-07
 Identities = 24/24 (100%), Gaps = 0/24 (0%)
 Strand=Plus/Minus

Query  1        GCTGCTGGTCTGCCCCACAATGAA  24
                ||||||||||||||||||||||||
Sbjct  1187478  GCTGCTGGTCTGCCCCACAATGAA  1187455



Lambda      K        H
    1.33    0.621     1.12 

Gapped
Lambda      K        H
    1.28    0.460    0.850 

Effective search space used: 14984568


  Database: User specified sequence set (Input: contig.fasta).
    Posted date:  Unknown
  Number of letters in database: 1,873,087
  Number of sequences in database:  1



Matrix: blastn matrix 1 -2
Gap Penalties: Existence: 0, Extension: 2.5
