BLASTN 2.6.0+


Reference: Zheng Zhang, Scott Schwartz, Lukas Wagner, and Webb
Miller (2000), "A greedy algorithm for aligning DNA sequences", J
Comput Biol 2000; 7(1-2):203-14.



Database: User specified sequence set (Input: contig.fasta).
           1 sequences; 837,114 total letters



Query= ScVcwli_629|31911-31911

Length=25
                                                                      Score     E
Sequences producing significant alignments:                          (Bits)  Value

  ScVcwli_629                                                         45.4    2e-07


> ScVcwli_629
Length=837114

 Score = 45.4 bits (24),  Expect = 2e-07
 Identities = 24/24 (100%), Gaps = 0/24 (0%)
 Strand=Plus/Minus

Query  2       TACTTCTCCAAGTTCCACGACTCC  25
               ||||||||||||||||||||||||
Sbjct  706480  TACTTCTCCAAGTTCCACGACTCC  706457



Lambda      K        H
    1.33    0.621     1.12 

Gapped
Lambda      K        H
    1.28    0.460    0.850 

Effective search space used: 8370990


  Database: User specified sequence set (Input: contig.fasta).
    Posted date:  Unknown
  Number of letters in database: 837,114
  Number of sequences in database:  1



Matrix: blastn matrix 1 -2
Gap Penalties: Existence: 0, Extension: 2.5
