BLASTN 2.6.0+


Reference: Zheng Zhang, Scott Schwartz, Lukas Wagner, and Webb
Miller (2000), "A greedy algorithm for aligning DNA sequences", J
Comput Biol 2000; 7(1-2):203-14.



Database: User specified sequence set (Input: contig.fasta).
           1 sequences; 4,121,319 total letters



Query= ScVcwli_3595|3956660-3956660

Length=24
                                                                      Score     E
Sequences producing significant alignments:                          (Bits)  Value

  ScVcwli_3595                                                        45.4    6e-07


> ScVcwli_3595
Length=4121319

 Score = 45.4 bits (24),  Expect = 6e-07
 Identities = 24/24 (100%), Gaps = 0/24 (0%)
 Strand=Plus/Plus

Query  1        TCGAGGCAGCCGCCAAGCTTCAGG  24
                ||||||||||||||||||||||||
Sbjct  3955998  TCGAGGCAGCCGCCAAGCTTCAGG  3956021



Lambda      K        H
    1.33    0.621     1.12 

Gapped
Lambda      K        H
    1.28    0.460    0.850 

Effective search space used: 28849114


  Database: User specified sequence set (Input: contig.fasta).
    Posted date:  Unknown
  Number of letters in database: 4,121,319
  Number of sequences in database:  1



Matrix: blastn matrix 1 -2
Gap Penalties: Existence: 0, Extension: 2.5
