BLASTN 2.6.0+


Reference: Zheng Zhang, Scott Schwartz, Lukas Wagner, and Webb
Miller (2000), "A greedy algorithm for aligning DNA sequences", J
Comput Biol 2000; 7(1-2):203-14.



Database: User specified sequence set (Input: contig.fasta).
           1 sequences; 2,674,282 total letters



Query= ScVcwli_1951|2174687-2174687

Length=25
                                                                      Score     E
Sequences producing significant alignments:                          (Bits)  Value

  ScVcwli_1951                                                        47.3    1e-07


> ScVcwli_1951
Length=2674282

 Score = 47.3 bits (25),  Expect = 1e-07
 Identities = 25/25 (100%), Gaps = 0/25 (0%)
 Strand=Plus/Plus

Query  1        TACTTCAAGGACAAGGGAGATAGTA  25
                |||||||||||||||||||||||||
Sbjct  2174275  TACTTCAAGGACAAGGGAGATAGTA  2174299



Lambda      K        H
    1.33    0.621     1.12 

Gapped
Lambda      K        H
    1.28    0.460    0.850 

Effective search space used: 24068394


  Database: User specified sequence set (Input: contig.fasta).
    Posted date:  Unknown
  Number of letters in database: 2,674,282
  Number of sequences in database:  1



Matrix: blastn matrix 1 -2
Gap Penalties: Existence: 0, Extension: 2.5
