BLASTN 2.6.0+


Reference: Zheng Zhang, Scott Schwartz, Lukas Wagner, and Webb
Miller (2000), "A greedy algorithm for aligning DNA sequences", J
Comput Biol 2000; 7(1-2):203-14.



Database: User specified sequence set (Input: contig.fasta).
           1 sequences; 1,873,087 total letters



Query= ScVcwli_2594|1257785-1257785

Length=25
                                                                      Score     E
Sequences producing significant alignments:                          (Bits)  Value

  ScVcwli_2594                                                        43.6    1e-06


> ScVcwli_2594
Length=1873087

 Score = 43.6 bits (23),  Expect = 1e-06
 Identities = 24/25 (96%), Gaps = 0/25 (0%)
 Strand=Plus/Plus

Query  1        CCCGTTGCTCCCGAGTCTTGCGACA  25
                |||||||||||| ||||||||||||
Sbjct  1257403  CCCGTTGCTCCCNAGTCTTGCGACA  1257427



Lambda      K        H
    1.33    0.621     1.12 

Gapped
Lambda      K        H
    1.28    0.460    0.850 

Effective search space used: 16857639


  Database: User specified sequence set (Input: contig.fasta).
    Posted date:  Unknown
  Number of letters in database: 1,873,087
  Number of sequences in database:  1



Matrix: blastn matrix 1 -2
Gap Penalties: Existence: 0, Extension: 2.5
