BLASTN 2.6.0+


Reference: Zheng Zhang, Scott Schwartz, Lukas Wagner, and Webb
Miller (2000), "A greedy algorithm for aligning DNA sequences", J
Comput Biol 2000; 7(1-2):203-14.



Database: User specified sequence set (Input: contig.fasta).
           1 sequences; 837,114 total letters



Query= ScVcwli_629|47342-47343

Length=26
                                                                      Score     E
Sequences producing significant alignments:                          (Bits)  Value

  ScVcwli_629                                                         43.6    7e-07


> ScVcwli_629
Length=837114

 Score = 43.6 bits (23),  Expect = 7e-07
 Identities = 25/26 (96%), Gaps = 0/26 (0%)
 Strand=Plus/Minus

Query  1       CGGCCACTATGGAAAACAGGGCCGTC  26
               |||||||||||| |||||||||||||
Sbjct  691308  CGGCCACTATGGGAAACAGGGCCGTC  691283



Lambda      K        H
    1.33    0.621     1.12 

Gapped
Lambda      K        H
    1.28    0.460    0.850 

Effective search space used: 9208089


  Database: User specified sequence set (Input: contig.fasta).
    Posted date:  Unknown
  Number of letters in database: 837,114
  Number of sequences in database:  1



Matrix: blastn matrix 1 -2
Gap Penalties: Existence: 0, Extension: 2.5
