BLASTN 2.6.0+


Reference: Zheng Zhang, Scott Schwartz, Lukas Wagner, and Webb
Miller (2000), "A greedy algorithm for aligning DNA sequences", J
Comput Biol 2000; 7(1-2):203-14.



Database: User specified sequence set (Input: contig.fasta).
           1 sequences; 42,504 total letters



Query= ScVcwli_1580|249-249

Length=26
                                                                      Score     E
Sequences producing significant alignments:                          (Bits)  Value

  ScVcwli_1580                                                        49.1    1e-09


> ScVcwli_1580
Length=42504

 Score = 49.1 bits (26),  Expect = 1e-09
 Identities = 26/26 (100%), Gaps = 0/26 (0%)
 Strand=Plus/Plus

Query  1    GACCAAACCATTGCGCCGCCCAGTCC  26
            ||||||||||||||||||||||||||
Sbjct  238  GACCAAACCATTGCGCCGCCCAGTCC  263



Lambda      K        H
    1.33    0.621     1.12 

Gapped
Lambda      K        H
    1.28    0.460    0.850 

Effective search space used: 594888


  Database: User specified sequence set (Input: contig.fasta).
    Posted date:  Unknown
  Number of letters in database: 42,504
  Number of sequences in database:  1



Matrix: blastn matrix 1 -2
Gap Penalties: Existence: 0, Extension: 2.5
