BLASTN 2.6.0+


Reference: Zheng Zhang, Scott Schwartz, Lukas Wagner, and Webb
Miller (2000), "A greedy algorithm for aligning DNA sequences", J
Comput Biol 2000; 7(1-2):203-14.



Database: User specified sequence set (Input: contig.fasta).
           1 sequences; 2,674,282 total letters



Query= ScVcwli_1951|2174154-2174154

Length=26
                                                                      Score     E
Sequences producing significant alignments:                          (Bits)  Value

  ScVcwli_1951                                                        43.6    2e-06


> ScVcwli_1951
Length=2674282

 Score = 43.6 bits (23),  Expect = 2e-06
 Identities = 23/23 (100%), Gaps = 0/23 (0%)
 Strand=Plus/Plus

Query  1        AATACCTTACCTaaaaaaaaaaa  23
                |||||||||||||||||||||||
Sbjct  2173741  AATACCTTACCTAAAAAAAAAAA  2173763



Lambda      K        H
    1.33    0.621     1.12 

Gapped
Lambda      K        H
    1.28    0.460    0.850 

Effective search space used: 24068385


  Database: User specified sequence set (Input: contig.fasta).
    Posted date:  Unknown
  Number of letters in database: 2,674,282
  Number of sequences in database:  1



Matrix: blastn matrix 1 -2
Gap Penalties: Existence: 0, Extension: 2.5
