BLASTN 2.6.0+


Reference: Zheng Zhang, Scott Schwartz, Lukas Wagner, and Webb
Miller (2000), "A greedy algorithm for aligning DNA sequences", J
Comput Biol 2000; 7(1-2):203-14.



Database: User specified sequence set (Input: contig.fasta).
           1 sequences; 143,130 total letters



Query= ScVcwli_3474|11684-11684

Length=29
                                                                      Score     E
Sequences producing significant alignments:                          (Bits)  Value

  ScVcwli_3474                                                        27.0    0.016


> ScVcwli_3474
Length=143130

 Score = 27.0 bits (14),  Expect = 0.016
 Identities = 14/14 (100%), Gaps = 0/14 (0%)
 Strand=Plus/Plus

Query  1      CTCCATTGGAATTT  14
              ||||||||||||||
Sbjct  11673  CTCCATTGGAATTT  11686



Lambda      K        H
    1.33    0.621     1.12 

Gapped
Lambda      K        H
    1.28    0.460    0.850 

Effective search space used: 2146740


  Database: User specified sequence set (Input: contig.fasta).
    Posted date:  Unknown
  Number of letters in database: 143,130
  Number of sequences in database:  1



Matrix: blastn matrix 1 -2
Gap Penalties: Existence: 0, Extension: 2.5
