BLASTN 2.6.0+


Reference: Zheng Zhang, Scott Schwartz, Lukas Wagner, and Webb
Miller (2000), "A greedy algorithm for aligning DNA sequences", J
Comput Biol 2000; 7(1-2):203-14.



Database: User specified sequence set (Input: contig.fasta).
           1 sequences; 589,538 total letters



Query= ScVcwli_3172|133593-133594

Length=26
                                                                      Score     E
Sequences producing significant alignments:                          (Bits)  Value

  ScVcwli_3172                                                        49.1    1e-08


> ScVcwli_3172
Length=589538

 Score = 49.1 bits (26),  Expect = 1e-08
 Identities = 26/26 (100%), Gaps = 0/26 (0%)
 Strand=Plus/Minus

Query  1       TCCTGCGAAGGACTTGATGTATAGCT  26
               ||||||||||||||||||||||||||
Sbjct  307584  TCCTGCGAAGGACTTGATGTATAGCT  307559



Lambda      K        H
    1.33    0.621     1.12 

Gapped
Lambda      K        H
    1.28    0.460    0.850 

Effective search space used: 6484753


  Database: User specified sequence set (Input: contig.fasta).
    Posted date:  Unknown
  Number of letters in database: 589,538
  Number of sequences in database:  1



Matrix: blastn matrix 1 -2
Gap Penalties: Existence: 0, Extension: 2.5
