BLASTN 2.6.0+


Reference: Zheng Zhang, Scott Schwartz, Lukas Wagner, and Webb
Miller (2000), "A greedy algorithm for aligning DNA sequences", J
Comput Biol 2000; 7(1-2):203-14.



Database: User specified sequence set (Input: contig.fasta).
           1 sequences; 2,212,429 total letters



Query= ScVcwli_2267|1406398-1406398

Length=25
                                                                      Score     E
Sequences producing significant alignments:                          (Bits)  Value

  ScVcwli_2267                                                        47.3    1e-07


> ScVcwli_2267
Length=2212429

 Score = 47.3 bits (25),  Expect = 1e-07
 Identities = 25/25 (100%), Gaps = 0/25 (0%)
 Strand=Plus/Plus

Query  1        GGCTACATGACACGCATACGGGAGG  25
                |||||||||||||||||||||||||
Sbjct  1406212  GGCTACATGACACGCATACGGGAGG  1406236



Lambda      K        H
    1.33    0.621     1.12 

Gapped
Lambda      K        H
    1.28    0.460    0.850 

Effective search space used: 19911717


  Database: User specified sequence set (Input: contig.fasta).
    Posted date:  Unknown
  Number of letters in database: 2,212,429
  Number of sequences in database:  1



Matrix: blastn matrix 1 -2
Gap Penalties: Existence: 0, Extension: 2.5
