BLASTN 2.6.0+


Reference: Zheng Zhang, Scott Schwartz, Lukas Wagner, and Webb
Miller (2000), "A greedy algorithm for aligning DNA sequences", J
Comput Biol 2000; 7(1-2):203-14.



Database: User specified sequence set (Input: contig.fasta).
           1 sequences; 807,946 total letters



Query= ScVcwli_3635|770156-770156

Length=25
                                                                      Score     E
Sequences producing significant alignments:                          (Bits)  Value

  ScVcwli_3635                                                        47.3    5e-08


> ScVcwli_3635
Length=807946

 Score = 47.3 bits (25),  Expect = 5e-08
 Identities = 25/25 (100%), Gaps = 0/25 (0%)
 Strand=Plus/Minus

Query  1       GAAAACGGTGCAGACATCCACCCCA  25
               |||||||||||||||||||||||||
Sbjct  397726  GAAAACGGTGCAGACATCCACCCCA  397702



Lambda      K        H
    1.33    0.621     1.12 

Gapped
Lambda      K        H
    1.28    0.460    0.850 

Effective search space used: 8079310


  Database: User specified sequence set (Input: contig.fasta).
    Posted date:  Unknown
  Number of letters in database: 807,946
  Number of sequences in database:  1



Matrix: blastn matrix 1 -2
Gap Penalties: Existence: 0, Extension: 2.5
