BLASTN 2.6.0+


Reference: Zheng Zhang, Scott Schwartz, Lukas Wagner, and Webb
Miller (2000), "A greedy algorithm for aligning DNA sequences", J
Comput Biol 2000; 7(1-2):203-14.



Database: User specified sequence set (Input: contig.fasta).
           1 sequences; 281,337 total letters



Query= ScVcwli_1009|176799-176799

Length=25
                                                                      Score     E
Sequences producing significant alignments:                          (Bits)  Value

  ScVcwli_1009                                                        47.3    2e-08


> ScVcwli_1009
Length=281337

 Score = 47.3 bits (25),  Expect = 2e-08
 Identities = 25/25 (100%), Gaps = 0/25 (0%)
 Strand=Plus/Plus

Query  1       TTAAAAACAGAAATAAATGAAAAAA  25
               |||||||||||||||||||||||||
Sbjct  176714  TTAAAAACAGAAATAAATGAAAAAA  176738



Lambda      K        H
    1.33    0.621     1.12 

Gapped
Lambda      K        H
    1.28    0.460    0.850 

Effective search space used: 3094553


  Database: User specified sequence set (Input: contig.fasta).
    Posted date:  Unknown
  Number of letters in database: 281,337
  Number of sequences in database:  1



Matrix: blastn matrix 1 -2
Gap Penalties: Existence: 0, Extension: 2.5
