BLASTN 2.6.0+


Reference: Zheng Zhang, Scott Schwartz, Lukas Wagner, and Webb
Miller (2000), "A greedy algorithm for aligning DNA sequences", J
Comput Biol 2000; 7(1-2):203-14.



Database: User specified sequence set (Input: contig.fasta).
           1 sequences; 281,337 total letters



Query= ScVcwli_1009|123972-123972

Length=25
                                                                      Score     E
Sequences producing significant alignments:                          (Bits)  Value

  ScVcwli_1009                                                        28.8    0.007


> ScVcwli_1009
Length=281337

 Score = 28.8 bits (15),  Expect = 0.007
 Identities = 22/25 (88%), Gaps = 1/25 (4%)
 Strand=Plus/Plus

Query  1       CAATGTTTTTTAAAGAATTATTTTG  25
               |||| |||||| | |||||||||||
Sbjct  123907  CAATATTTTTT-ATGAATTATTTTG  123930



Lambda      K        H
    1.33    0.621     1.12 

Gapped
Lambda      K        H
    1.28    0.460    0.850 

Effective search space used: 3094553


  Database: User specified sequence set (Input: contig.fasta).
    Posted date:  Unknown
  Number of letters in database: 281,337
  Number of sequences in database:  1



Matrix: blastn matrix 1 -2
Gap Penalties: Existence: 0, Extension: 2.5
