BLASTN 2.6.0+


Reference: Zheng Zhang, Scott Schwartz, Lukas Wagner, and Webb
Miller (2000), "A greedy algorithm for aligning DNA sequences", J
Comput Biol 2000; 7(1-2):203-14.



Database: User specified sequence set (Input: contig.fasta).
           1 sequences; 1,785,647 total letters



Query= ScVcwli_153|331759-331759

Length=25
                                                                      Score     E
Sequences producing significant alignments:                          (Bits)  Value

  ScVcwli_153                                                         39.9    2e-05


> ScVcwli_153
Length=1785647

 Score = 39.9 bits (21),  Expect = 2e-05
 Identities = 24/25 (96%), Gaps = 1/25 (4%)
 Strand=Plus/Plus

Query  1       TGATTTGTAAACTTTTGGTTAGGTT  25
               ||||||||||||||| |||||||||
Sbjct  331775  TGATTTGTAAACTTT-GGTTAGGTT  331798



Lambda      K        H
    1.33    0.621     1.12 

Gapped
Lambda      K        H
    1.28    0.460    0.850 

Effective search space used: 16070679


  Database: User specified sequence set (Input: contig.fasta).
    Posted date:  Unknown
  Number of letters in database: 1,785,647
  Number of sequences in database:  1



Matrix: blastn matrix 1 -2
Gap Penalties: Existence: 0, Extension: 2.5
