BLASTN 2.6.0+


Reference: Zheng Zhang, Scott Schwartz, Lukas Wagner, and Webb
Miller (2000), "A greedy algorithm for aligning DNA sequences", J
Comput Biol 2000; 7(1-2):203-14.



Database: User specified sequence set (Input: contig.fasta).
           1 sequences; 1,785,647 total letters



Query= ScVcwli_153|330863-330863

Length=25
                                                                      Score     E
Sequences producing significant alignments:                          (Bits)  Value

  ScVcwli_153                                                         38.1    6e-05


> ScVcwli_153
Length=1785647

 Score = 38.1 bits (20),  Expect = 6e-05
 Identities = 25/27 (93%), Gaps = 2/27 (7%)
 Strand=Plus/Plus

Query  1       GTAC-A-GGTGAAGTCAACATCGCCCA  25
               |||| | ||||||||||||||||||||
Sbjct  330872  GTACAAGGGTGAAGTCAACATCGCCCA  330898



Lambda      K        H
    1.33    0.621     1.12 

Gapped
Lambda      K        H
    1.28    0.460    0.850 

Effective search space used: 16070679


  Database: User specified sequence set (Input: contig.fasta).
    Posted date:  Unknown
  Number of letters in database: 1,785,647
  Number of sequences in database:  1



Matrix: blastn matrix 1 -2
Gap Penalties: Existence: 0, Extension: 2.5
