BLASTN 2.6.0+


Reference: Zheng Zhang, Scott Schwartz, Lukas Wagner, and Webb
Miller (2000), "A greedy algorithm for aligning DNA sequences", J
Comput Biol 2000; 7(1-2):203-14.



Database: User specified sequence set (Input: contig.fasta).
           1 sequences; 589,538 total letters



Query= ScVcwli_3172|135166-135166

Length=25
                                                                      Score     E
Sequences producing significant alignments:                          (Bits)  Value

  ScVcwli_3172                                                        47.3    3e-08


> ScVcwli_3172
Length=589538

 Score = 47.3 bits (25),  Expect = 3e-08
 Identities = 25/25 (100%), Gaps = 0/25 (0%)
 Strand=Plus/Minus

Query  1      TTCAGAATGTCTCTCGTCGTCCGTA  25
              |||||||||||||||||||||||||
Sbjct  73943  TTCAGAATGTCTCTCGTCGTCCGTA  73919



Lambda      K        H
    1.33    0.621     1.12 

Gapped
Lambda      K        H
    1.28    0.460    0.850 

Effective search space used: 5895230


  Database: User specified sequence set (Input: contig.fasta).
    Posted date:  Unknown
  Number of letters in database: 589,538
  Number of sequences in database:  1



Matrix: blastn matrix 1 -2
Gap Penalties: Existence: 0, Extension: 2.5
