BLASTN 2.6.0+


Reference: Zheng Zhang, Scott Schwartz, Lukas Wagner, and Webb
Miller (2000), "A greedy algorithm for aligning DNA sequences", J
Comput Biol 2000; 7(1-2):203-14.



Database: User specified sequence set (Input: contig.fasta).
           1 sequences; 1,183,544 total letters



Query= ScVcwli_3402|388711-388711

Length=25
                                                                      Score     E
Sequences producing significant alignments:                          (Bits)  Value

  ScVcwli_3402                                                        47.3    6e-08


> ScVcwli_3402
Length=1183544

 Score = 47.3 bits (25),  Expect = 6e-08
 Identities = 25/25 (100%), Gaps = 0/25 (0%)
 Strand=Plus/Plus

Query  1       CCGGGCGGGCGGTTCTGTCCCGAGT  25
               |||||||||||||||||||||||||
Sbjct  388741  CCGGGCGGGCGGTTCTGTCCCGAGT  388765



Lambda      K        H
    1.33    0.621     1.12 

Gapped
Lambda      K        H
    1.28    0.460    0.850 

Effective search space used: 10651752


  Database: User specified sequence set (Input: contig.fasta).
    Posted date:  Unknown
  Number of letters in database: 1,183,544
  Number of sequences in database:  1



Matrix: blastn matrix 1 -2
Gap Penalties: Existence: 0, Extension: 2.5
