BLASTN 2.6.0+


Reference: Zheng Zhang, Scott Schwartz, Lukas Wagner, and Webb
Miller (2000), "A greedy algorithm for aligning DNA sequences", J
Comput Biol 2000; 7(1-2):203-14.



Database: User specified sequence set (Input: contig.fasta).
           1 sequences; 42,504 total letters



Query= ScVcwli_1580|4895-4895

Length=24
                                                                      Score     E
Sequences producing significant alignments:                          (Bits)  Value

  ScVcwli_1580                                                        39.9    5e-07


> ScVcwli_1580
Length=42504

 Score = 39.9 bits (21),  Expect = 5e-07
 Identities = 24/25 (96%), Gaps = 1/25 (4%)
 Strand=Plus/Plus

Query  1     TGGAAGTTG-AAACTGTAGTAGTTT  24
             ||||||||| |||||||||||||||
Sbjct  4909  TGGAAGTTGAAAACTGTAGTAGTTT  4933



Lambda      K        H
    1.33    0.621     1.12 

Gapped
Lambda      K        H
    1.28    0.460    0.850 

Effective search space used: 509904


  Database: User specified sequence set (Input: contig.fasta).
    Posted date:  Unknown
  Number of letters in database: 42,504
  Number of sequences in database:  1



Matrix: blastn matrix 1 -2
Gap Penalties: Existence: 0, Extension: 2.5
