BLASTN 2.6.0+


Reference: Zheng Zhang, Scott Schwartz, Lukas Wagner, and Webb
Miller (2000), "A greedy algorithm for aligning DNA sequences", J
Comput Biol 2000; 7(1-2):203-14.



Database: User specified sequence set (Input: contig.fasta).
           1 sequences; 1,183,544 total letters



Query= ScVcwli_3402|395641-395641

Length=25
                                                                      Score     E
Sequences producing significant alignments:                          (Bits)  Value

  ScVcwli_3402                                                        43.6    8e-07


> ScVcwli_3402
Length=1183544

 Score = 43.6 bits (23),  Expect = 8e-07
 Identities = 24/25 (96%), Gaps = 0/25 (0%)
 Strand=Plus/Plus

Query  1       ATCAAGTAAAAATCGAGACTTCTCG  25
               |||||||||||| ||||||||||||
Sbjct  395664  ATCAAGTAAAAANCGAGACTTCTCG  395688



Lambda      K        H
    1.33    0.621     1.12 

Gapped
Lambda      K        H
    1.28    0.460    0.850 

Effective search space used: 10651752


  Database: User specified sequence set (Input: contig.fasta).
    Posted date:  Unknown
  Number of letters in database: 1,183,544
  Number of sequences in database:  1



Matrix: blastn matrix 1 -2
Gap Penalties: Existence: 0, Extension: 2.5
